#
# A fatal error has been detected by the Java Runtime Environment:
#
#  EXCEPTION_ACCESS_VIOLATION (0xc0000005) at pc=0x0000000056184d38, pid=6988, tid=2240
#
# JRE version: Java(TM) SE Runtime Environment (7.0_80-b15) (build 1.7.0_80-b15)
# Java VM: Java HotSpot(TM) 64-Bit Server VM (24.80-b11 mixed mode windows-amd64 compressed oops)
# Problematic frame:
# V  [jvm.dll+0x684d38]
#
# Failed to write core dump. Minidumps are not enabled by default on client versions of Windows
#
# If you would like to submit a bug report, please visit:
#   http://bugreport.java.com/bugreport/crash.jsp
#

---------------  T H R E A D  ---------------

Current thread (0x000000000c102000):  JavaThread "C2 CompilerThread0" daemon [_thread_in_native, id=2240, stack(0x000000000d3f0000,0x000000000d4f0000)]

siginfo: ExceptionCode=0xc0000005, ExceptionInformation=0x0000000000000008 0x0000000056184d38

Registers:
RAX=0x0000000056104c98, RBX=0x000000000e25bba8, RCX=0x000000000e25bc50, RDX=0x0000000000000001
RSP=0x000000000d4ec9d8, RBP=0x0000000000000001, RSI=0x0000000000000001, RDI=0x000000000e5114f0
R8 =0x00000000ffffffff, R9 =0x0000000000000001, R10=0x0000000000000000, R11=0x0000000000000001
R12=0x0000000000000001, R13=0x0000000000000000, R14=0x0000000000000008, R15=0x0000000000000001
RIP=0x0000000056184d38, EFLAGS=0x0000000000010246

Top of Stack: (sp=0x000000000d4ec9d8)
0x000000000d4ec9d8:   0000000055f6cf19 000000000da3bc30
0x000000000d4ec9e8:   000000000da3bc30 000000000c11b020
0x000000000d4ec9f8:   000000000005fad0 000000000e25bba8
0x000000000d4eca08:   0000000055f00e90 000000000e5114f0
0x000000000d4eca18:   000000000d4ece30 000000000e662840
0x000000000d4eca28:   ffffffffffffffff 00000002000000ab
0x000000000d4eca38:   000000000e5114f0 0000000000000010
0x000000000d4eca48:   00000000000000ab 0000000000000000
0x000000000d4eca58:   0000000000000000 000000000d4ecb20
0x000000000d4eca68:   0000000000000000 000000000c11d768
0x000000000d4eca78:   000000000c11d390 000000000d4ecbb0
0x000000000d4eca88:   00000000000003d8 000000000d4ece30
0x000000000d4eca98:   000000000c11d380 000000000d4ef130
0x000000000d4ecaa8:   0000000055f034dd 000000000d4ece30
0x000000000d4ecab8:   000000000d4ecb01 00000000ffffffff
0x000000000d4ecac8:   0000000000000002 000000000c11d380 

Instructions: (pc=0x0000000056184d38)
0x0000000056184d18:   00 00 00 00 ff ff ff ff 00 00 00 00 40 00 00 00
0x0000000056184d28:   d8 4c 68 00 00 00 00 00 00 00 00 00 00 00 00 00
0x0000000056184d38:   01 00 00 00 00 00 00 00 00 00 00 00 f8 1c 73 00
0x0000000056184d48:   60 4d 68 00 38 4d 68 00 00 00 00 00 00 00 00 00 


Register to memory mapping:

RAX=0x0000000056104c98 is an unknown value
RBX=0x000000000e25bba8 is an unknown value
RCX=0x000000000e25bc50 is an unknown value
RDX=0x0000000000000001 is an unknown value
RSP=0x000000000d4ec9d8 is pointing into the stack for thread: 0x000000000c102000
RBP=0x0000000000000001 is an unknown value
RSI=0x0000000000000001 is an unknown value
RDI=0x000000000e5114f0 is an unknown value
R8 =0x00000000ffffffff is an unknown value
R9 =0x0000000000000001 is an unknown value
R10=0x0000000000000000 is an unknown value
R11=0x0000000000000001 is an unknown value
R12=0x0000000000000001 is an unknown value
R13=0x0000000000000000 is an unknown value
R14=0x0000000000000008 is an unknown value
R15=0x0000000000000001 is an unknown value


Stack: [0x000000000d3f0000,0x000000000d4f0000],  sp=0x000000000d4ec9d8,  free space=1010k
Native frames: (J=compiled Java code, j=interpreted, Vv=VM code, C=native code)
V  [jvm.dll+0x684d38]


Current CompileTask:
C2:   2472  255             java.io.Win32FileSystem::normalize (143 bytes)


---------------  P R O C E S S  ---------------

Java Threads: ( => current thread )
  0x000000000c11a800 JavaThread "Service Thread" daemon [_thread_blocked, id=1624, stack(0x000000000d5c0000,0x000000000d6c0000)]
  0x000000000c117000 JavaThread "C2 CompilerThread1" daemon [_thread_in_native, id=6360, stack(0x000000000d2b0000,0x000000000d3b0000)]
=>0x000000000c102000 JavaThread "C2 CompilerThread0" daemon [_thread_in_native, id=2240, stack(0x000000000d3f0000,0x000000000d4f0000)]
  0x000000000c0fc000 JavaThread "JDWP Command Reader" daemon [_thread_in_native, id=1416, stack(0x000000000d120000,0x000000000d220000)]
  0x000000000c0ed800 JavaThread "JDWP Event Helper Thread" daemon [_thread_blocked, id=3256, stack(0x000000000cda0000,0x000000000cea0000)]
  0x000000000c0e9800 JavaThread "JDWP Transport Listener: dt_socket" daemon [_thread_blocked, id=2580, stack(0x000000000cf20000,0x000000000d020000)]
  0x000000000ad65800 JavaThread "Attach Listener" daemon [_thread_blocked, id=7964, stack(0x000000000c750000,0x000000000c850000)]
  0x000000000c0d8800 JavaThread "Signal Dispatcher" daemon [_thread_blocked, id=7200, stack(0x000000000c650000,0x000000000c750000)]
  0x000000000ad0d800 JavaThread "Finalizer" daemon [_thread_blocked, id=2976, stack(0x000000000bc70000,0x000000000bd70000)]
  0x000000000ad06800 JavaThread "Reference Handler" daemon [_thread_blocked, id=7344, stack(0x000000000bfd0000,0x000000000c0d0000)]
  0x0000000002510000 JavaThread "main" [_thread_in_native, id=6140, stack(0x0000000002760000,0x0000000002860000)]

Other Threads:
  0x000000000ad03000 VMThread [stack: 0x000000000bd90000,0x000000000be90000] [id=988]
  0x000000000c152000 WatcherThread [stack: 0x000000000d830000,0x000000000d930000] [id=5448]

VM state:not at safepoint (normal execution)

VM Mutex/Monitor currently owned by a thread: None

Heap
 PSYoungGen      total 38400K, used 36822K [0x00000007d5e00000, 0x00000007d8880000, 0x0000000800000000)
  eden space 33280K, 100% used [0x00000007d5e00000,0x00000007d7e80000,0x00000007d7e80000)
  from space 5120K, 69% used [0x00000007d8380000,0x00000007d86f58a8,0x00000007d8880000)
  to   space 5120K, 0% used [0x00000007d7e80000,0x00000007d7e80000,0x00000007d8380000)
 ParOldGen       total 86016K, used 16K [0x0000000781a00000, 0x0000000786e00000, 0x00000007d5e00000)
  object space 86016K, 0% used [0x0000000781a00000,0x0000000781a04000,0x0000000786e00000)
 PSPermGen       total 21504K, used 9341K [0x000000077c800000, 0x000000077dd00000, 0x0000000781a00000)
  object space 21504K, 43% used [0x000000077c800000,0x000000077d11f4a0,0x000000077dd00000)

Card table byte_map: [0x0000000005860000,0x0000000005c80000] byte_map_base: 0x0000000001c7c000

Polling page: 0x0000000000220000

Code Cache  [0x0000000002860000, 0x0000000002ad0000, 0x0000000005860000)
 total_blobs=513 nmethods=263 adapters=210 free_code_cache=47968Kb largest_free_block=49083072

Compilation events (10 events):
Event: 2.432 Thread 0x000000000c117000  258             java.io.File::exists (43 bytes)
Event: 2.435 Thread 0x000000000c117000 nmethod 258 0x000000000294ec50 code [0x000000000294edc0, 0x000000000294f0e8]
Event: 2.435 Thread 0x000000000c117000  259             sun.misc.URLClassPath$Loader::getBaseURL (5 bytes)
Event: 2.435 Thread 0x000000000c117000 nmethod 259 0x00000000029653d0 code [0x0000000002965500, 0x0000000002965578]
Event: 2.435 Thread 0x000000000c117000  260             java.io.Win32FileSystem::parentOrNull (171 bytes)
Event: 2.440 Thread 0x000000000c117000 nmethod 260 0x0000000002976790 code [0x0000000002976900, 0x0000000002976e88]
Event: 2.440 Thread 0x000000000c117000  261             java.util.jar.Attributes$Name::hashCode (24 bytes)
Event: 2.443 Thread 0x000000000c117000 nmethod 261 0x000000000294e4d0 code [0x000000000294e620, 0x000000000294e978]
Event: 2.443 Thread 0x000000000c117000  263  s          java.util.Hashtable::put (175 bytes)
Event: 2.459 Thread 0x000000000c117000 nmethod 263 0x000000000298c650 code [0x000000000298c860, 0x000000000298ded0]

GC Heap History (4 events):
Event: 0.600 GC heap before
{Heap before GC invocations=1 (full 0):
 PSYoungGen      total 38400K, used 33280K [0x00000007d5e00000, 0x00000007d8880000, 0x0000000800000000)
  eden space 33280K, 100% used [0x00000007d5e00000,0x00000007d7e80000,0x00000007d7e80000)
  from space 5120K, 0% used [0x00000007d8380000,0x00000007d8380000,0x00000007d8880000)
  to   space 5120K, 0% used [0x00000007d7e80000,0x00000007d7e80000,0x00000007d8380000)
 ParOldGen       total 86016K, used 0K [0x0000000781a00000, 0x0000000786e00000, 0x00000007d5e00000)
  object space 86016K, 0% used [0x0000000781a00000,0x0000000781a00000,0x0000000786e00000)
 PSPermGen       total 21504K, used 6055K [0x000000077c800000, 0x000000077dd00000, 0x0000000781a00000)
  object space 21504K, 28% used [0x000000077c800000,0x000000077cde9f50,0x000000077dd00000)
Event: 0.604 GC heap after
Heap after GC invocations=1 (full 0):
 PSYoungGen      total 38400K, used 3289K [0x00000007d5e00000, 0x00000007d8880000, 0x0000000800000000)
  eden space 33280K, 0% used [0x00000007d5e00000,0x00000007d5e00000,0x00000007d7e80000)
  from space 5120K, 64% used [0x00000007d7e80000,0x00000007d81b6650,0x00000007d8380000)
  to   space 5120K, 0% used [0x00000007d8380000,0x00000007d8380000,0x00000007d8880000)
 ParOldGen       total 86016K, used 8K [0x0000000781a00000, 0x0000000786e00000, 0x00000007d5e00000)
  object space 86016K, 0% used [0x0000000781a00000,0x0000000781a02000,0x0000000786e00000)
 PSPermGen       total 21504K, used 6055K [0x000000077c800000, 0x000000077dd00000, 0x0000000781a00000)
  object space 21504K, 28% used [0x000000077c800000,0x000000077cde9f50,0x000000077dd00000)
}
Event: 1.468 GC heap before
{Heap before GC invocations=2 (full 0):
 PSYoungGen      total 38400K, used 36569K [0x00000007d5e00000, 0x00000007d8880000, 0x0000000800000000)
  eden space 33280K, 100% used [0x00000007d5e00000,0x00000007d7e80000,0x00000007d7e80000)
  from space 5120K, 64% used [0x00000007d7e80000,0x00000007d81b6650,0x00000007d8380000)
  to   space 5120K, 0% used [0x00000007d8380000,0x00000007d8380000,0x00000007d8880000)
 ParOldGen       total 86016K, used 8K [0x0000000781a00000, 0x0000000786e00000, 0x00000007d5e00000)
  object space 86016K, 0% used [0x0000000781a00000,0x0000000781a02000,0x0000000786e00000)
 PSPermGen       total 21504K, used 8712K [0x000000077c800000, 0x000000077dd00000, 0x0000000781a00000)
  object space 21504K, 40% used [0x000000077c800000,0x000000077d082048,0x000000077dd00000)
Event: 1.472 GC heap after
Heap after GC invocations=2 (full 0):
 PSYoungGen      total 38400K, used 3542K [0x00000007d5e00000, 0x00000007d8880000, 0x0000000800000000)
  eden space 33280K, 0% used [0x00000007d5e00000,0x00000007d5e00000,0x00000007d7e80000)
  from space 5120K, 69% used [0x00000007d8380000,0x00000007d86f58a8,0x00000007d8880000)
  to   space 5120K, 0% used [0x00000007d7e80000,0x00000007d7e80000,0x00000007d8380000)
 ParOldGen       total 86016K, used 16K [0x0000000781a00000, 0x0000000786e00000, 0x00000007d5e00000)
  object space 86016K, 0% used [0x0000000781a00000,0x0000000781a04000,0x0000000786e00000)
 PSPermGen       total 21504K, used 8712K [0x000000077c800000, 0x000000077dd00000, 0x0000000781a00000)
  object space 21504K, 40% used [0x000000077c800000,0x000000077d082048,0x000000077dd00000)
}

Deoptimization events (10 events):
Event: 2.397 Thread 0x0000000002510000 Uncommon trap: reason=bimorphic action=maybe_recompile pc=0x000000000293b170 method=java.lang.ThreadLocal.get()Ljava/lang/Object; @ 6
Event: 2.431 Thread 0x0000000002510000 Uncommon trap: reason=class_check action=maybe_recompile pc=0x000000000290a4d0 method=java.util.jar.JarFile.getJarEntry(Ljava/lang/String;)Ljava/util/jar/JarEntry; @ 2
Event: 2.432 Thread 0x0000000002510000 Uncommon trap: reason=class_check action=maybe_recompile pc=0x000000000290a4d0 method=java.util.jar.JarFile.getJarEntry(Ljava/lang/String;)Ljava/util/jar/JarEntry; @ 2
Event: 2.432 Thread 0x0000000002510000 Uncommon trap: reason=class_check action=maybe_recompile pc=0x000000000290a4d0 method=java.util.jar.JarFile.getJarEntry(Ljava/lang/String;)Ljava/util/jar/JarEntry; @ 2
Event: 2.432 Thread 0x0000000002510000 Uncommon trap: reason=class_check action=maybe_recompile pc=0x000000000290a4d0 method=java.util.jar.JarFile.getJarEntry(Ljava/lang/String;)Ljava/util/jar/JarEntry; @ 2
Event: 2.436 Thread 0x0000000002510000 Uncommon trap: reason=unhandled action=none pc=0x0000000002968fbc method=sun.misc.BASE64Decoder.decodeAtom(Ljava/io/PushbackInputStream;Ljava/io/OutputStream;I)V @ 46
Event: 2.436 Thread 0x0000000002510000 Uncommon trap: reason=unhandled action=none pc=0x0000000002968fbc method=sun.misc.BASE64Decoder.decodeAtom(Ljava/io/PushbackInputStream;Ljava/io/OutputStream;I)V @ 46
Event: 2.442 Thread 0x0000000002510000 Uncommon trap: reason=unhandled action=none pc=0x0000000002968fbc method=sun.misc.BASE64Decoder.decodeAtom(Ljava/io/PushbackInputStream;Ljava/io/OutputStream;I)V @ 46
Event: 2.442 Thread 0x0000000002510000 Uncommon trap: reason=unhandled action=none pc=0x0000000002968fbc method=sun.misc.BASE64Decoder.decodeAtom(Ljava/io/PushbackInputStream;Ljava/io/OutputStream;I)V @ 46
Event: 2.444 Thread 0x0000000002510000 Uncommon trap: reason=unhandled action=none pc=0x0000000002968fbc method=sun.misc.BASE64Decoder.decodeAtom(Ljava/io/PushbackInputStream;Ljava/io/OutputStream;I)V @ 46

Internal exceptions (10 events):
Event: 2.451 Thread 0x0000000002510000 Threw 0x00000007d7b5b908 at C:\re\jdk7u80\2329\hotspot\src\share\vm\prims\jvm.cpp:1319
Event: 2.452 Thread 0x0000000002510000 Threw 0x00000007d7b727a0 at C:\re\jdk7u80\2329\hotspot\src\share\vm\prims\jvm.cpp:1319
Event: 2.454 Thread 0x0000000002510000 Threw 0x00000007d7b904c8 at C:\re\jdk7u80\2329\hotspot\src\share\vm\prims\jvm.cpp:1319
Event: 2.454 Thread 0x0000000002510000 Threw 0x00000007d7baa6d8 at C:\re\jdk7u80\2329\hotspot\src\share\vm\prims\jvm.cpp:1319
Event: 2.455 Thread 0x0000000002510000 Threw 0x00000007d7bbfbf8 at C:\re\jdk7u80\2329\hotspot\src\share\vm\prims\jvm.cpp:1319
Event: 2.456 Thread 0x0000000002510000 Threw 0x00000007d7be8290 at C:\re\jdk7u80\2329\hotspot\src\share\vm\prims\jvm.cpp:1319
Event: 2.457 Thread 0x0000000002510000 Threw 0x00000007d7bee478 at C:\re\jdk7u80\2329\hotspot\src\share\vm\prims\jvm.cpp:1319
Event: 2.458 Thread 0x0000000002510000 Threw 0x00000007d7c07848 at C:\re\jdk7u80\2329\hotspot\src\share\vm\prims\jvm.cpp:1319
Event: 2.459 Thread 0x0000000002510000 Threw 0x00000007d7c22598 at C:\re\jdk7u80\2329\hotspot\src\share\vm\prims\jvm.cpp:1319
Event: 2.460 Thread 0x0000000002510000 Threw 0x00000007d7c3b128 at C:\re\jdk7u80\2329\hotspot\src\share\vm\prims\jvm.cpp:1319

Events (10 events):
Event: 2.457 loading class 0x000000000e4f3da0
Event: 2.457 loading class 0x000000000e4f3da0 done
Event: 2.457 loading class 0x000000000e253bc0
Event: 2.457 loading class 0x000000000e253bc0 done
Event: 2.458 loading class 0x000000000e253b40
Event: 2.458 loading class 0x000000000e253b40 done
Event: 2.459 loading class 0x000000000e254040
Event: 2.459 loading class 0x000000000e254040 done
Event: 2.460 loading class 0x000000000e212350
Event: 2.460 loading class 0x000000000e212350 done


Dynamic libraries:
0x000000013ff40000 - 0x000000013ff73000 	C:\Program Files\Java\jdk1.7.0_80\bin\javaw.exe
0x0000000076da0000 - 0x0000000076f4a000 	C:\Windows\SYSTEM32\ntdll.dll
0x0000000076c80000 - 0x0000000076d9f000 	C:\Windows\system32\kernel32.dll
0x000007fefd0b0000 - 0x000007fefd11b000 	C:\Windows\system32\KERNELBASE.dll
0x000007fefe600000 - 0x000007fefe6db000 	C:\Windows\system32\ADVAPI32.dll
0x000007fefede0000 - 0x000007fefee7f000 	C:\Windows\system32\msvcrt.dll
0x000007fefebb0000 - 0x000007fefebcf000 	C:\Windows\SYSTEM32\sechost.dll
0x000007fefe950000 - 0x000007fefea7d000 	C:\Windows\system32\RPCRT4.dll
0x0000000076960000 - 0x0000000076a5a000 	C:\Windows\system32\USER32.dll
0x000007fefe8e0000 - 0x000007fefe947000 	C:\Windows\system32\GDI32.dll
0x000007fefe6e0000 - 0x000007fefe6ee000 	C:\Windows\system32\LPK.dll
0x000007fefef80000 - 0x000007feff04a000 	C:\Windows\system32\USP10.dll
0x000007fefb840000 - 0x000007fefba34000 	C:\Windows\WinSxS\amd64_microsoft.windows.common-controls_6595b64144ccf1df_6.0.7601.18837_none_fa3b1e3d17594757\COMCTL32.dll
0x000007fefee80000 - 0x000007fefeef1000 	C:\Windows\system32\SHLWAPI.dll
0x000007fefd840000 - 0x000007fefd86e000 	C:\Windows\system32\IMM32.DLL
0x000007fefe7d0000 - 0x000007fefe8d9000 	C:\Windows\system32\MSCTF.dll
0x0000000061d70000 - 0x0000000061e42000 	C:\Program Files\Java\jdk1.7.0_80\jre\bin\msvcr100.dll
0x0000000055b00000 - 0x00000000562d9000 	C:\Program Files\Java\jdk1.7.0_80\jre\bin\server\jvm.dll
0x000007fef9670000 - 0x000007fef9679000 	C:\Windows\system32\WSOCK32.dll
0x000007fefef00000 - 0x000007fefef4d000 	C:\Windows\system32\WS2_32.dll
0x000007fefef70000 - 0x000007fefef78000 	C:\Windows\system32\NSI.dll
0x000007fefd1b0000 - 0x000007fefd1eb000 	C:\Windows\system32\WINMM.dll
0x0000000076f70000 - 0x0000000076f77000 	C:\Windows\system32\PSAPI.DLL
0x0000000066f20000 - 0x0000000066f2f000 	C:\Program Files\Java\jdk1.7.0_80\jre\bin\verify.dll
0x00000000666f0000 - 0x0000000066718000 	C:\Program Files\Java\jdk1.7.0_80\jre\bin\java.dll
0x00000000667e0000 - 0x0000000066815000 	C:\Program Files\Java\jdk1.7.0_80\jre\bin\jdwp.dll
0x0000000066f30000 - 0x0000000066f38000 	C:\Program Files\Java\jdk1.7.0_80\jre\bin\npt.dll
0x00000000666d0000 - 0x00000000666e6000 	C:\Program Files\Java\jdk1.7.0_80\jre\bin\zip.dll
0x0000000066780000 - 0x0000000066789000 	C:\Program Files\Java\jdk1.7.0_80\jre\bin\dt_socket.dll
0x000007fefae00000 - 0x000007fefae15000 	C:\Windows\system32\NLAapi.dll
0x000007fef7670000 - 0x000007fef7685000 	C:\Windows\system32\napinsp.dll
0x000007fef7650000 - 0x000007fef7669000 	C:\Windows\system32\pnrpnsp.dll
0x000007fefc800000 - 0x000007fefc855000 	C:\Windows\System32\mswsock.dll
0x000007fefc680000 - 0x000007fefc6db000 	C:\Windows\system32\DNSAPI.dll
0x000007fef7490000 - 0x000007fef749b000 	C:\Windows\System32\winrnr.dll
0x000000006ec40000 - 0x000000006ec66000 	C:\Program Files\Bonjour\mdnsNSP.dll
0x000007fefa8a0000 - 0x000007fefa8c7000 	C:\Windows\system32\Iphlpapi.DLL
0x000007fefa890000 - 0x000007fefa89b000 	C:\Windows\system32\WINNSI.DLL
0x000007fefa730000 - 0x000007fefa783000 	C:\Windows\System32\fwpuclnt.dll
0x000007fef7c40000 - 0x000007fef7c48000 	C:\Windows\system32\rasadhlp.dll
0x000007fefc200000 - 0x000007fefc207000 	C:\Windows\System32\wshtcpip.dll
0x0000000066750000 - 0x000000006676a000 	C:\Program Files\Java\jdk1.7.0_80\jre\bin\net.dll
0x000007fefc7f0000 - 0x000007fefc7f7000 	C:\Windows\System32\wship6.dll
0x0000000065e20000 - 0x0000000065e31000 	C:\Program Files\Java\jdk1.7.0_80\jre\bin\nio.dll
0x000007fef04e0000 - 0x000007fef0605000 	C:\Windows\system32\dbghelp.dll

VM Arguments:
jvm_args: -agentlib:jdwp=transport=dt_socket,suspend=y,address=localhost:50294 -Dfile.encoding=UTF-8 
java_command: com.qcloud.project.macaovehicle.JettyTest
Launcher Type: SUN_STANDARD

Environment Variables:
JAVA_HOME=C:\Program Files\Java\jdk1.7.0_80
CLASSPATH=.;.;C:\PROGRA~2\JMF21~1.1E\lib\sound.jar;C:\PROGRA~2\JMF21~1.1E\lib\jmf.jar;C:\PROGRA~2\JMF21~1.1E\lib;
PATH=C:\Windows\system32;C:\Windows;C:\Windows\System32\Wbem;C:\Windows\System32\WindowsPowerShell\v1.0\;E:\qcloud\bin;C:\Program Files\Java\jdk1.7.0_80\bin;C:\Program Files\Java\jdk1.7.0_80\jre\bin;H:\Java\apache-maven-3.2.5\bin;H:\apache-tomcat-7.0.40\lib;H:\apache-tomcat-7.0.40\bin;C:\Program Files\Redis\
USERNAME=Administrator
OS=Windows_NT
PROCESSOR_IDENTIFIER=Intel64 Family 6 Model 60 Stepping 3, GenuineIntel



---------------  S Y S T E M  ---------------

OS: Windows 7 , 64 bit Build 7601 Service Pack 1

CPU:total 4 (4 cores per cpu, 1 threads per core) family 6 model 60 stepping 3, cmov, cx8, fxsr, mmx, sse, sse2, sse3, ssse3, sse4.1, sse4.2, popcnt, avx, avx2, aes, erms, tsc, tscinvbit

Memory: 4k page, physical 8276432k(3351768k free), swap 16551028k(10453920k free)

vm_info: Java HotSpot(TM) 64-Bit Server VM (24.80-b11) for windows-amd64 JRE (1.7.0_80-b15), built on Apr 10 2015 11:26:34 by "java_re" with unknown MS VC++:1600

time: Mon Jun 06 21:17:55 2016
elapsed time: 2 seconds

